[debug] [2021-10-05T15:25:44.533Z] ----------------------------------------------------------------------
[debug] [2021-10-05T15:25:44.534Z] Command:       /Users/c/.nvm/versions/node/v15.0.1/bin/node /Users/c/.nvm/versions/node/v15.0.1/bin/firebase deploy
[debug] [2021-10-05T15:25:44.534Z] CLI Version:   9.17.0
[debug] [2021-10-05T15:25:44.534Z] Platform:      darwin
[debug] [2021-10-05T15:25:44.534Z] Node Version:  v15.0.1
[debug] [2021-10-05T15:25:44.535Z] Time:          Tue Oct 05 2021 11:25:44 GMT-0400 (Eastern Daylight Time)
[debug] [2021-10-05T15:25:44.535Z] ----------------------------------------------------------------------
[debug] 
[debug] [2021-10-05T15:25:44.574Z] > command requires scopes: ["email","openid","https://www.googleapis.com/auth/cloudplatformprojects.readonly","https://www.googleapis.com/auth/firebase","https://www.googleapis.com/auth/cloud-platform"]
[debug] [2021-10-05T15:25:44.574Z] > authorizing via signed-in user (realactioner@gmail.com)
[debug] [2021-10-05T15:25:44.574Z] [iam] checking project real-nifty-mosaic for permissions ["firebase.projects.get","firebasehosting.sites.update"]
[debug] [2021-10-05T15:25:44.575Z] >>> HTTP REQUEST POST https://cloudresourcemanager.googleapis.com/v1/projects/real-nifty-mosaic:testIamPermissions  
 {"permissions":["firebase.projects.get","firebasehosting.sites.update"]}
[debug] [2021-10-05T15:25:51.515Z] ----------------------------------------------------------------------
[debug] [2021-10-05T15:25:51.517Z] Command:       /Users/c/.nvm/versions/node/v15.0.1/bin/node /Users/c/.nvm/versions/node/v15.0.1/bin/firebase deploy
[debug] [2021-10-05T15:25:51.517Z] CLI Version:   9.17.0
[debug] [2021-10-05T15:25:51.517Z] Platform:      darwin
[debug] [2021-10-05T15:25:51.517Z] Node Version:  v15.0.1
[debug] [2021-10-05T15:25:51.518Z] Time:          Tue Oct 05 2021 11:25:51 GMT-0400 (Eastern Daylight Time)
[debug] [2021-10-05T15:25:51.518Z] ----------------------------------------------------------------------
[debug] 
[debug] [2021-10-05T15:25:51.561Z] > command requires scopes: ["email","openid","https://www.googleapis.com/auth/cloudplatformprojects.readonly","https://www.googleapis.com/auth/firebase","https://www.googleapis.com/auth/cloud-platform"]
[debug] [2021-10-05T15:25:51.562Z] > authorizing via signed-in user (realactioner@gmail.com)
[debug] [2021-10-05T15:25:51.562Z] [iam] checking project real-nifty-mosaic for permissions ["firebase.projects.get","firebasehosting.sites.update"]
[debug] [2021-10-05T15:25:51.563Z] >>> HTTP REQUEST POST https://cloudresourcemanager.googleapis.com/v1/projects/real-nifty-mosaic:testIamPermissions  
 {"permissions":["firebase.projects.get","firebasehosting.sites.update"]}
[debug] [2021-10-05T15:25:52.476Z] <<< HTTP RESPONSE 200 {"content-type":"application/json; charset=UTF-8","vary":"X-Origin, Referer, Origin,Accept-Encoding","date":"Tue, 05 Oct 2021 15:25:52 GMT","server":"ESF","cache-control":"private","x-xss-protection":"0","x-frame-options":"SAMEORIGIN","x-content-type-options":"nosniff","server-timing":"gfet4t7; dur=124","alt-svc":"h3=\":443\"; ma=2592000,h3-29=\":443\"; ma=2592000,h3-T051=\":443\"; ma=2592000,h3-Q050=\":443\"; ma=2592000,h3-Q046=\":443\"; ma=2592000,h3-Q043=\":443\"; ma=2592000,quic=\":443\"; ma=2592000; v=\"46,43\"","accept-ranges":"none","transfer-encoding":"chunked"}
[debug] [2021-10-05T15:25:52.477Z] > refreshing access token with scopes: []
[debug] [2021-10-05T15:25:52.477Z] >>> HTTP REQUEST POST https://www.googleapis.com/oauth2/v3/token  
 <request body omitted>
[debug] [2021-10-05T15:25:53.524Z] <<< HTTP RESPONSE 200 {"cache-control":"no-cache, no-store, max-age=0, must-revalidate","date":"Tue, 05 Oct 2021 15:25:53 GMT","expires":"Mon, 01 Jan 1990 00:00:00 GMT","pragma":"no-cache","content-type":"application/json; charset=utf-8","vary":"X-Origin, Referer, Origin,Accept-Encoding","server":"scaffolding on HTTPServer2","x-xss-protection":"0","x-frame-options":"SAMEORIGIN","x-content-type-options":"nosniff","alt-svc":"h3=\":443\"; ma=2592000,h3-29=\":443\"; ma=2592000,h3-T051=\":443\"; ma=2592000,h3-Q050=\":443\"; ma=2592000,h3-Q046=\":443\"; ma=2592000,h3-Q043=\":443\"; ma=2592000,quic=\":443\"; ma=2592000; v=\"46,43\"","accept-ranges":"none","transfer-encoding":"chunked"}
[debug] [2021-10-05T15:25:53.573Z] >>> [apiv2][query] GET https://firebase.googleapis.com/v1beta1/projects/real-nifty-mosaic [none]
